e:\nonsys\code\qtguiapplication1\qtguiapplication1\debug\vc120.pdb
e:\nonsys\code\qtguiapplication1\qtguiapplication1\debug\moc_qtguiapplication1.obj
e:\nonsys\code\qtguiapplication1\qtguiapplication1\debug\main.obj
e:\nonsys\code\qtguiapplication1\qtguiapplication1\debug\qtguiapplication1.obj
e:\nonsys\code\qtguiapplication1\win32\debug\qtguiapplication1.ilk
e:\nonsys\code\qtguiapplication1\win32\debug\qtguiapplication1.exe
e:\nonsys\code\qtguiapplication1\win32\debug\qtguiapplication1.pdb
e:\nonsys\code\qtguiapplication1\qtguiapplication1\generatedfiles\debug\moc_qtguiapplication1.cpp
e:\nonsys\code\qtguiapplication1\qtguiapplication1\generatedfiles\qrc_qtguiapplication1.cpp
e:\nonsys\code\qtguiapplication1\qtguiapplication1\generatedfiles\ui_qtguiapplication1.h
e:\nonsys\code\qtguiapplication1\qtguiapplication1\.\generatedfiles\debug\moc_qtguiapplication1.cpp
e:\nonsys\code\qtguiapplication1\qtguiapplication1\.\generatedfiles\qrc_qtguiapplication1.cpp
e:\nonsys\code\qtguiapplication1\qtguiapplication1\.\generatedfiles\ui_qtguiapplication1.h
e:\nonsys\code\qtguiapplication1\qtguiapplication1\debug\qrc_qtguiapplication1.obj
e:\nonsys\code\qtguiapplication1\qtguiapplication1\debug\qtguiapp.b12702ad.tlog\cl.command.1.tlog
e:\nonsys\code\qtguiapplication1\qtguiapplication1\debug\qtguiapp.b12702ad.tlog\cl.read.1.tlog
e:\nonsys\code\qtguiapplication1\qtguiapplication1\debug\qtguiapp.b12702ad.tlog\cl.write.1.tlog
e:\nonsys\code\qtguiapplication1\qtguiapplication1\debug\qtguiapp.b12702ad.tlog\link.command.1.tlog
e:\nonsys\code\qtguiapplication1\qtguiapplication1\debug\qtguiapp.b12702ad.tlog\link.read.1.tlog
e:\nonsys\code\qtguiapplication1\qtguiapplication1\debug\qtguiapp.b12702ad.tlog\link.write.1.tlog
e:\nonsys\code\qtguiapplication1\qtguiapplication1\debug\qtguiapp.b12702ad.tlog\qtguiapplication1.write.1u.tlog
e:\nonsys\code\qtguiapplication1\qtguiapplication1\debug\qtguiapp.b12702ad.tlog\qtmoc.read.1u.tlog
e:\nonsys\code\qtguiapplication1\qtguiapplication1\debug\qtguiapp.b12702ad.tlog\qtmoc.write.1u.tlog
e:\nonsys\code\qtguiapplication1\qtguiapplication1\debug\qtguiapp.b12702ad.tlog\qtrcc.read.1u.tlog
e:\nonsys\code\qtguiapplication1\qtguiapplication1\debug\qtguiapp.b12702ad.tlog\qtrcc.write.1u.tlog
e:\nonsys\code\qtguiapplication1\qtguiapplication1\debug\qtguiapp.b12702ad.tlog\qtuic.read.1u.tlog
e:\nonsys\code\qtguiapplication1\qtguiapplication1\debug\qtguiapp.b12702ad.tlog\qtuic.write.1u.tlog
